#
# A fatal error has been detected by the Java Runtime Environment:
#
#  EXCEPTION_ACCESS_VIOLATION (0xc0000005) at pc=0x000000007052d8a7, pid=7436, tid=0x0000000000001e74
#
# JRE version: Java(TM) SE Runtime Environment (8.0_144-b01) (build 1.8.0_144-b01)
# Java VM: Java HotSpot(TM) 64-Bit Server VM (25.144-b01 mixed mode windows-amd64 compressed oops)
# Problematic frame:
# V  [jvm.dll+0x49d8a7]
#
# Failed to write core dump. Minidumps are not enabled by default on client versions of Windows
#
# If you would like to submit a bug report, please visit:
#   http://bugreport.java.com/bugreport/crash.jsp
#

---------------  T H R E A D  ---------------

Current thread (0x00000000075f5800):  JavaThread "C2 CompilerThread0" daemon [_thread_in_native, id=7796, stack(0x0000000008db0000,0x0000000008eb0000)]

siginfo: ExceptionCode=0xc0000005, reading address 0x0000000000000010

Registers:
RAX=0x0000000000000000, RBX=0x0000000000000268, RCX=0x0000000000000002, RDX=0x0000000060c172d0
RSP=0x0000000008eac1b0, RBP=0x0000000000010d80, RSI=0x0000000000000268, RDI=0x000000005e5c55f0
R8 =0x000000000ffffcff, R9 =0x0000000000073bf0, R10=0x0000000008eac520, R11=0x0000000008eac210
R12=0x0000000060c172d0, R13=0x0000000008eac810, R14=0x0000000070090000, R15=0x00000000708adf90
RIP=0x000000007052d8a7, EFLAGS=0x0000000000010202

Top of Stack: (sp=0x0000000008eac1b0)
0x0000000008eac1b0:   0000000008eac390 0000000000000fa9
0x0000000008eac1c0:   0000000000010d80 0000000000000268
0x0000000008eac1d0:   0000108a00000000 0000000000000005
0x0000000008eac1e0:   000000000e536320 0000000000000011
0x0000000008eac1f0:   000000000e535c60 0000000000000020
0x0000000008eac200:   0000000008eac390 00000000705694e4
0x0000000008eac210:   0000000000000002 000000005faacf68
0x0000000008eac220:   0000000009a15fd0 0000000008eac810
0x0000000008eac230:   0000000008eac810 000000007052ed88
0x0000000008eac240:   0000000000010d80 0000000060c28088
0x0000000008eac250:   0000000008eac340 0000000060c280f8
0x0000000008eac260:   0000000400000000 0000000000000009
0x0000000008eac270:   000000005faacf68 0000026800000000
0x0000000008eac280:   0000014500000008 0000000000000003
0x0000000008eac290:   0000000005155455 0000000000000000
0x0000000008eac2a0:   0000000000000000 0000000000000000 

Instructions: (pc=0x000000007052d8a7)
0x000000007052d887:   8b de 48 8d 3c 80 48 c1 e7 05 49 03 7a 10 85 db
0x000000007052d897:   0f 84 f3 fe ff ff 48 8b 47 08 8b cb 48 c1 e9 08
0x000000007052d8a7:   4c 8b 0c c8 4d 3b cf 75 0d 8b d3 48 8b cf e8 26
0x000000007052d8b7:   44 00 00 4c 8b c8 8b d3 83 e3 1f 41 b8 01 00 00 


Register to memory mapping:

RAX=0x0000000000000000 is an unknown value
RBX=0x0000000000000268 is an unknown value
RCX=0x0000000000000002 is an unknown value
RDX=0x0000000060c172d0 is an unknown value
RSP=0x0000000008eac1b0 is pointing into the stack for thread: 0x00000000075f5800
RBP=0x0000000000010d80 is an unknown value
RSI=0x0000000000000268 is an unknown value
RDI=0x000000005e5c55f0 is an unknown value
R8 =0x000000000ffffcff is at entry_point+1375 in (nmethod*)0x000000000ffff4d0
R9 =0x0000000000073bf0 is an unknown value
R10=0x0000000008eac520 is pointing into the stack for thread: 0x00000000075f5800
R11=0x0000000008eac210 is pointing into the stack for thread: 0x00000000075f5800
R12=0x0000000060c172d0 is an unknown value
R13=0x0000000008eac810 is pointing into the stack for thread: 0x00000000075f5800
R14=0x0000000070090000 is an unknown value
R15=0x00000000708adf90 is an unknown value


Stack: [0x0000000008db0000,0x0000000008eb0000],  sp=0x0000000008eac1b0,  free space=1008k
Native frames: (J=compiled Java code, j=interpreted, Vv=VM code, C=native code)
V  [jvm.dll+0x49d8a7]
V  [jvm.dll+0x49ed88]
V  [jvm.dll+0x469328]
V  [jvm.dll+0x4745bb]
V  [jvm.dll+0x476ec7]
V  [jvm.dll+0x4598c2]
V  [jvm.dll+0xa5dc2]
V  [jvm.dll+0xa66ff]
V  [jvm.dll+0x24524f]
V  [jvm.dll+0x29ca6a]
C  [msvcr100.dll+0x21d9f]
C  [msvcr100.dll+0x21e3b]
C  [kernel32.dll+0x159cd]
C  [ntdll.dll+0x5383d]


Current CompileTask:
C2:  15605 6006       4       java.lang.Class::getMethod0 (40 bytes)


---------------  P R O C E S S  ---------------

Java Threads: ( => current thread )
  0x000000000af58000 JavaThread "pool-2-thread-1" [_thread_blocked, id=3024, stack(0x000000005fd60000,0x000000005fe60000)]
  0x000000000af56800 JavaThread "File lock request listener" [_thread_in_native, id=11120, stack(0x000000000cce0000,0x000000000cde0000)]
  0x000000000a5a2800 JavaThread "Stdin handler" [_thread_blocked, id=12400, stack(0x000000000c9e0000,0x000000000cae0000)]
  0x000000000a59e800 JavaThread "Asynchronous log dispatcher for DefaultDaemonConnection: socket connection from /127.0.0.1:36831 to /127.0.0.1:36832" [_thread_blocked, id=3680, stack(0x000000000be00000,0x000000000bf00000)]
  0x000000000ae4b000 JavaThread "Daemon worker" [_thread_in_Java, id=10864, stack(0x000000000c730000,0x000000000c830000)]
  0x000000000a5a1000 JavaThread "Cancel handler" [_thread_blocked, id=13780, stack(0x000000000c840000,0x000000000c940000)]
  0x000000000a56f000 JavaThread "Handler for socket connection from /127.0.0.1:36831 to /127.0.0.1:36832" [_thread_in_native, id=9828, stack(0x000000000c630000,0x000000000c730000)]
  0x000000000a53c800 JavaThread "Daemon" [_thread_blocked, id=8532, stack(0x000000000c470000,0x000000000c570000)]
  0x000000000a718800 JavaThread "Incoming local TCP Connector on port 36831" [_thread_in_native, id=6104, stack(0x0000000009300000,0x0000000009400000)]
  0x000000000a7b8000 JavaThread "pool-1-thread-1" [_thread_blocked, id=12828, stack(0x0000000008ca0000,0x0000000008da0000)]
  0x0000000007693000 JavaThread "Service Thread" daemon [_thread_blocked, id=7056, stack(0x0000000009440000,0x0000000009540000)]
  0x0000000007621000 JavaThread "C1 CompilerThread3" daemon [_thread_in_vm, id=5740, stack(0x00000000091e0000,0x00000000092e0000)]
  0x0000000007610000 JavaThread "C2 CompilerThread2" daemon [_thread_in_native, id=10536, stack(0x0000000008ff0000,0x00000000090f0000)]
  0x0000000007601800 JavaThread "C2 CompilerThread1" daemon [_thread_in_native, id=6092, stack(0x0000000008ec0000,0x0000000008fc0000)]
=>0x00000000075f5800 JavaThread "C2 CompilerThread0" daemon [_thread_in_native, id=7796, stack(0x0000000008db0000,0x0000000008eb0000)]
  0x00000000075f3000 JavaThread "Attach Listener" daemon [_thread_blocked, id=1860, stack(0x0000000008ba0000,0x0000000008ca0000)]
  0x00000000075f2000 JavaThread "Signal Dispatcher" daemon [_thread_blocked, id=6904, stack(0x0000000008a30000,0x0000000008b30000)]
  0x0000000006652000 JavaThread "Finalizer" daemon [_thread_blocked, id=10256, stack(0x0000000008920000,0x0000000008a20000)]
  0x000000000664b000 JavaThread "Reference Handler" daemon [_thread_blocked, id=4528, stack(0x0000000008730000,0x0000000008830000)]
  0x0000000002148000 JavaThread "main" [_thread_blocked, id=12136, stack(0x0000000002500000,0x0000000002600000)]

Other Threads:
  0x00000000075a3000 VMThread [stack: 0x00000000084f0000,0x00000000085f0000] [id=8320]
  0x000000000766a000 WatcherThread [stack: 0x0000000009540000,0x0000000009640000] [id=10272]

VM state:not at safepoint (normal execution)

VM Mutex/Monitor currently owned by a thread: None

Heap:
 PSYoungGen      total 255488K, used 181007K [0x00000000eab00000, 0x00000000fb580000, 0x0000000100000000)
  eden space 240640K, 69% used [0x00000000eab00000,0x00000000f4f7cbe8,0x00000000f9600000)
  from space 14848K, 84% used [0x00000000fa580000,0x00000000fb1c7358,0x00000000fb400000)
  to   space 15872K, 0% used [0x00000000f9600000,0x00000000f9600000,0x00000000fa580000)
 ParOldGen       total 94208K, used 18605K [0x00000000c0000000, 0x00000000c5c00000, 0x00000000eab00000)
  object space 94208K, 19% used [0x00000000c0000000,0x00000000c122b560,0x00000000c5c00000)
 Metaspace       used 49843K, capacity 51550K, committed 51928K, reserved 1093632K
  class space    used 6927K, capacity 7322K, committed 7424K, reserved 1048576K

Card table byte_map: [0x0000000002c90000,0x0000000002ea0000] byte_map_base: 0x0000000002690000

Marking Bits: (ParMarkBitMap*) 0x00000000708ad850
 Begin Bits: [0x0000000003a60000, 0x0000000004a60000)
 End Bits:   [0x0000000004a60000, 0x0000000005a60000)

Polling page: 0x0000000000450000

CodeCache: size=245760Kb used=20898Kb max_used=20898Kb free=224861Kb
 bounds [0x000000000f010000, 0x0000000010490000, 0x000000001e010000]
 total_blobs=6363 nmethods=5614 adapters=660
 compilation: enabled

Compilation events (10 events):
Event: 15.552 Thread 0x0000000007621000 nmethod 6117 0x0000000010469010 code [0x00000000104691e0, 0x0000000010469a88]
Event: 15.553 Thread 0x0000000007621000 6118       3       org.objectweb.asm.MethodWriter::visitFrame (707 bytes)
Event: 15.554 Thread 0x0000000007621000 nmethod 6118 0x0000000010469ed0 code [0x000000001046a340, 0x000000001046c618]
Event: 15.564 Thread 0x0000000007621000 6119       3       org.gradle.api.specs.CompositeSpec::<init> (37 bytes)
Event: 15.564 Thread 0x0000000007621000 nmethod 6119 0x000000001046dbd0 code [0x000000001046dd60, 0x000000001046e1c8]
Event: 15.572 Thread 0x0000000007621000 6120       3       org.gradle.api.internal.project.DefaultProject::getIdentityPath (55 bytes)
Event: 15.572 Thread 0x0000000007621000 nmethod 6120 0x000000001046e310 code [0x000000001046e4a0, 0x000000001046e8c8]
Event: 15.577 Thread 0x0000000007621000 6121       3       org.gradle.model.internal.registry.DefaultModelRegistry$TryBindInputs::<init> (16 bytes)
Event: 15.577 Thread 0x0000000007621000 nmethod 6121 0x000000001046ea50 code [0x000000001046ebc0, 0x000000001046ee70]
Event: 15.577 Thread 0x0000000007621000 6123       3       org.gradle.model.internal.registry.DefaultModelRegistry$RunModelAction::calculateDependencies (133 bytes)

GC Heap History (10 events):
Event: 3.451 GC heap before
{Heap before GC invocations=4 (full 1):
 PSYoungGen      total 75264K, used 7947K [0x00000000eab00000, 0x00000000f3e00000, 0x0000000100000000)
  eden space 64512K, 0% used [0x00000000eab00000,0x00000000eab00000,0x00000000eea00000)
  from space 10752K, 73% used [0x00000000eea00000,0x00000000ef1c2fe0,0x00000000ef480000)
  to   space 10752K, 0% used [0x00000000f3380000,0x00000000f3380000,0x00000000f3e00000)
 ParOldGen       total 172032K, used 2100K [0x00000000c0000000, 0x00000000ca800000, 0x00000000eab00000)
  object space 172032K, 1% used [0x00000000c0000000,0x00000000c020d360,0x00000000ca800000)
 Metaspace       used 20799K, capacity 21168K, committed 21248K, reserved 1067008K
  class space    used 2873K, capacity 3013K, committed 3072K, reserved 1048576K
Event: 3.480 GC heap after
Heap after GC invocations=4 (full 1):
 PSYoungGen      total 75264K, used 0K [0x00000000eab00000, 0x00000000f3e00000, 0x0000000100000000)
  eden space 64512K, 0% used [0x00000000eab00000,0x00000000eab00000,0x00000000eea00000)
  from space 10752K, 0% used [0x00000000eea00000,0x00000000eea00000,0x00000000ef480000)
  to   space 10752K, 0% used [0x00000000f3380000,0x00000000f3380000,0x00000000f3e00000)
 ParOldGen       total 77824K, used 7804K [0x00000000c0000000, 0x00000000c4c00000, 0x00000000eab00000)
  object space 77824K, 10% used [0x00000000c0000000,0x00000000c079f000,0x00000000c4c00000)
 Metaspace       used 20799K, capacity 21168K, committed 21248K, reserved 1067008K
  class space    used 2873K, capacity 3013K, committed 3072K, reserved 1048576K
}
Event: 4.453 GC heap before
{Heap before GC invocations=5 (full 1):
 PSYoungGen      total 75264K, used 64512K [0x00000000eab00000, 0x00000000f3e00000, 0x0000000100000000)
  eden space 64512K, 100% used [0x00000000eab00000,0x00000000eea00000,0x00000000eea00000)
  from space 10752K, 0% used [0x00000000eea00000,0x00000000eea00000,0x00000000ef480000)
  to   space 10752K, 0% used [0x00000000f3380000,0x00000000f3380000,0x00000000f3e00000)
 ParOldGen       total 77824K, used 7804K [0x00000000c0000000, 0x00000000c4c00000, 0x00000000eab00000)
  object space 77824K, 10% used [0x00000000c0000000,0x00000000c079f000,0x00000000c4c00000)
 Metaspace       used 26480K, capacity 26988K, committed 27264K, reserved 1073152K
  class space    used 3735K, capacity 3877K, committed 3968K, reserved 1048576K
Event: 4.465 GC heap after
Heap after GC invocations=5 (full 1):
 PSYoungGen      total 133120K, used 7626K [0x00000000eab00000, 0x00000000f3b00000, 0x0000000100000000)
  eden space 125440K, 0% used [0x00000000eab00000,0x00000000eab00000,0x00000000f2580000)
  from space 7680K, 99% used [0x00000000f3380000,0x00000000f3af2a68,0x00000000f3b00000)
  to   space 10752K, 0% used [0x00000000f2600000,0x00000000f2600000,0x00000000f3080000)
 ParOldGen       total 77824K, used 7812K [0x00000000c0000000, 0x00000000c4c00000, 0x00000000eab00000)
  object space 77824K, 10% used [0x00000000c0000000,0x00000000c07a1000,0x00000000c4c00000)
 Metaspace       used 26480K, capacity 26988K, committed 27264K, reserved 1073152K
  class space    used 3735K, capacity 3877K, committed 3968K, reserved 1048576K
}
Event: 12.641 GC heap before
{Heap before GC invocations=6 (full 1):
 PSYoungGen      total 133120K, used 117323K [0x00000000eab00000, 0x00000000f3b00000, 0x0000000100000000)
  eden space 125440K, 87% used [0x00000000eab00000,0x00000000f1620210,0x00000000f2580000)
  from space 7680K, 99% used [0x00000000f3380000,0x00000000f3af2a68,0x00000000f3b00000)
  to   space 10752K, 0% used [0x00000000f2600000,0x00000000f2600000,0x00000000f3080000)
 ParOldGen       total 77824K, used 7812K [0x00000000c0000000, 0x00000000c4c00000, 0x00000000eab00000)
  object space 77824K, 10% used [0x00000000c0000000,0x00000000c07a1000,0x00000000c4c00000)
 Metaspace       used 34542K, capacity 35338K, committed 35416K, reserved 1079296K
  class space    used 4765K, capacity 4956K, committed 4992K, reserved 1048576K
Event: 12.653 GC heap after
Heap after GC invocations=6 (full 1):
 PSYoungGen      total 136704K, used 10740K [0x00000000eab00000, 0x00000000fb400000, 0x0000000100000000)
  eden space 125952K, 0% used [0x00000000eab00000,0x00000000eab00000,0x00000000f2600000)
  from space 10752K, 99% used [0x00000000f2600000,0x00000000f307d0f0,0x00000000f3080000)
  to   space 14848K, 0% used [0x00000000fa580000,0x00000000fa580000,0x00000000fb400000)
 ParOldGen       total 77824K, used 9601K [0x00000000c0000000, 0x00000000c4c00000, 0x00000000eab00000)
  object space 77824K, 12% used [0x00000000c0000000,0x00000000c0960630,0x00000000c4c00000)
 Metaspace       used 34542K, capacity 35338K, committed 35416K, reserved 1079296K
  class space    used 4765K, capacity 4956K, committed 4992K, reserved 1048576K
}
Event: 12.653 GC heap before
{Heap before GC invocations=7 (full 2):
 PSYoungGen      total 136704K, used 10740K [0x00000000eab00000, 0x00000000fb400000, 0x0000000100000000)
  eden space 125952K, 0% used [0x00000000eab00000,0x00000000eab00000,0x00000000f2600000)
  from space 10752K, 99% used [0x00000000f2600000,0x00000000f307d0f0,0x00000000f3080000)
  to   space 14848K, 0% used [0x00000000fa580000,0x00000000fa580000,0x00000000fb400000)
 ParOldGen       total 77824K, used 9601K [0x00000000c0000000, 0x00000000c4c00000, 0x00000000eab00000)
  object space 77824K, 12% used [0x00000000c0000000,0x00000000c0960630,0x00000000c4c00000)
 Metaspace       used 34542K, capacity 35338K, committed 35416K, reserved 1079296K
  class space    used 4765K, capacity 4956K, committed 4992K, reserved 1048576K
Event: 12.719 GC heap after
Heap after GC invocations=7 (full 2):
 PSYoungGen      total 136704K, used 0K [0x00000000eab00000, 0x00000000fb400000, 0x0000000100000000)
  eden space 125952K, 0% used [0x00000000eab00000,0x00000000eab00000,0x00000000f2600000)
  from space 10752K, 0% used [0x00000000f2600000,0x00000000f2600000,0x00000000f3080000)
  to   space 14848K, 0% used [0x00000000fa580000,0x00000000fa580000,0x00000000fb400000)
 ParOldGen       total 94208K, used 18597K [0x00000000c0000000, 0x00000000c5c00000, 0x00000000eab00000)
  object space 94208K, 19% used [0x00000000c0000000,0x00000000c1229560,0x00000000c5c00000)
 Metaspace       used 34542K, capacity 35338K, committed 35416K, reserved 1079296K
  class space    used 4765K, capacity 4956K, committed 4992K, reserved 1048576K
}
Event: 13.875 GC heap before
{Heap before GC invocations=8 (full 2):
 PSYoungGen      total 136704K, used 125952K [0x00000000eab00000, 0x00000000fb400000, 0x0000000100000000)
  eden space 125952K, 100% used [0x00000000eab00000,0x00000000f2600000,0x00000000f2600000)
  from space 10752K, 0% used [0x00000000f2600000,0x00000000f2600000,0x00000000f3080000)
  to   space 14848K, 0% used [0x00000000fa580000,0x00000000fa580000,0x00000000fb400000)
 ParOldGen       total 94208K, used 18597K [0x00000000c0000000, 0x00000000c5c00000, 0x00000000eab00000)
  object space 94208K, 19% used [0x00000000c0000000,0x00000000c1229560,0x00000000c5c00000)
 Metaspace       used 43504K, capacity 44628K, committed 44888K, reserved 1087488K
  class space    used 5994K, capacity 6228K, committed 6272K, reserved 1048576K
Event: 13.888 GC heap after
Heap after GC invocations=8 (full 2):
 PSYoungGen      total 255488K, used 12572K [0x00000000eab00000, 0x00000000fb580000, 0x0000000100000000)
  eden space 240640K, 0% used [0x00000000eab00000,0x00000000eab00000,0x00000000f9600000)
  from space 14848K, 84% used [0x00000000fa580000,0x00000000fb1c7358,0x00000000fb400000)
  to   space 15872K, 0% used [0x00000000f9600000,0x00000000f9600000,0x00000000fa580000)
 ParOldGen       total 94208K, used 18605K [0x00000000c0000000, 0x00000000c5c00000, 0x00000000eab00000)
  object space 94208K, 19% used [0x00000000c0000000,0x00000000c122b560,0x00000000c5c00000)
 Metaspace       used 43504K, capacity 44628K, committed 44888K, reserved 1087488K
  class space    used 5994K, capacity 6228K, committed 6272K, reserved 1048576K
}

Deoptimization events (10 events):
Event: 15.355 Thread 0x000000000ae4b000 Uncommon trap: reason=unstable_if action=reinterpret pc=0x000000000fce6428 method=org.codehaus.groovy.runtime.metaclass.MetaMethodIndex.copyNonPrivateNonNewMetaMethods(Lorg/codehaus/groovy/runtime/metaclass/MetaMethodIndex$Entry;Lorg/codehaus/groovy/runti
Event: 15.355 Thread 0x000000000ae4b000 Uncommon trap: reason=unstable_if action=reinterpret pc=0x0000000010344bb0 method=groovy.lang.MetaClassImpl$1MOPIter.methodNameAction(Ljava/lang/Class;Lorg/codehaus/groovy/runtime/metaclass/MetaMethodIndex$Entry;)V @ 259
Event: 15.418 Thread 0x000000000ae4b000 Uncommon trap: reason=unstable_if action=reinterpret pc=0x000000001023c7e0 method=groovy.lang.MetaClassImpl.filterPropertyMethod(Ljava/lang/Object;ZZ)Ljava/lang/Object; @ 153
Event: 15.441 Thread 0x000000000ae4b000 Uncommon trap: reason=predicate action=maybe_recompile pc=0x000000000f397588 method=org.gradle.internal.logging.text.AbstractLineChoppingStyledTextOutput.doAppend(Ljava/lang/String;)V @ 10
Event: 15.456 Thread 0x000000000ae4b000 Uncommon trap: reason=class_check action=maybe_recompile pc=0x000000000fdfb2c0 method=org.gradle.model.internal.type.ModelType.wrap(Ljava/lang/reflect/Type;)Lorg/gradle/model/internal/type/TypeWrapper; @ 33
Event: 15.456 Thread 0x000000000ae4b000 Uncommon trap: reason=class_check action=maybe_recompile pc=0x000000000fdfb4a4 method=org.gradle.model.internal.type.ModelType.wrap(Ljava/lang/reflect/Type;)Lorg/gradle/model/internal/type/TypeWrapper; @ 83
Event: 15.457 Thread 0x000000000ae4b000 Uncommon trap: reason=class_check action=maybe_recompile pc=0x000000000fdfb2c0 method=org.gradle.model.internal.type.ModelType.wrap(Ljava/lang/reflect/Type;)Lorg/gradle/model/internal/type/TypeWrapper; @ 33
Event: 15.457 Thread 0x000000000ae4b000 Uncommon trap: reason=class_check action=maybe_recompile pc=0x000000000fdfb4a4 method=org.gradle.model.internal.type.ModelType.wrap(Ljava/lang/reflect/Type;)Lorg/gradle/model/internal/type/TypeWrapper; @ 83
Event: 15.507 Thread 0x000000000ae4b000 Uncommon trap: reason=unstable_if action=reinterpret pc=0x000000000fca3a80 method=java.lang.reflect.AccessibleObject.setAccessible0(Ljava/lang/reflect/AccessibleObject;Z)V @ 23
Event: 15.568 Thread 0x000000000ae4b000 Uncommon trap: reason=unstable_if action=reinterpret pc=0x000000000f597234 method=java.lang.String.lastIndexOf([CII[CIII)I @ 118

Internal exceptions (10 events):
Event: 15.508 Thread 0x000000000ae4b000 Exception <a 'java/lang/ClassNotFoundException': java/lang/ClassBeanInfo> (0x00000000f419d570) thrown at [C:\re\workspace\8-2-build-windows-amd64-cygwin\jdk8u144\9417\hotspot\src\share\vm\classfile\systemDictionary.cpp, line 210]
Event: 15.508 Thread 0x000000000ae4b000 Exception <a 'java/lang/ClassNotFoundException': java/lang/ClassCustomizer> (0x00000000f41a36f8) thrown at [C:\re\workspace\8-2-build-windows-amd64-cygwin\jdk8u144\9417\hotspot\src\share\vm\classfile\systemDictionary.cpp, line 210]
Event: 15.512 Thread 0x000000000ae4b000 Exception <a 'java/lang/ClassNotFoundException': org/jetbrains/plugins/gradle/model/ear/EarConfigurationBeanInfo> (0x00000000f42227e0) thrown at [C:\re\workspace\8-2-build-windows-amd64-cygwin\jdk8u144\9417\hotspot\src\share\vm\classfile\systemDictionary.
Event: 15.512 Thread 0x000000000ae4b000 Exception <a 'java/lang/ClassNotFoundException': org/jetbrains/plugins/gradle/model/ear/EarConfigurationCustomizer> (0x00000000f422ffb0) thrown at [C:\re\workspace\8-2-build-windows-amd64-cygwin\jdk8u144\9417\hotspot\src\share\vm\classfile\systemDictionar
Event: 15.513 Thread 0x000000000ae4b000 Exception <a 'java/lang/ClassNotFoundException': org/jetbrains/plugins/gradle/model/scala/ScalaModelBeanInfo> (0x00000000f42640e0) thrown at [C:\re\workspace\8-2-build-windows-amd64-cygwin\jdk8u144\9417\hotspot\src\share\vm\classfile\systemDictionary.cpp,
Event: 15.514 Thread 0x000000000ae4b000 Exception <a 'java/lang/ClassNotFoundException': org/jetbrains/plugins/gradle/model/scala/ScalaModelCustomizer> (0x00000000f4271360) thrown at [C:\re\workspace\8-2-build-windows-amd64-cygwin\jdk8u144\9417\hotspot\src\share\vm\classfile\systemDictionary.cp
Event: 15.514 Thread 0x000000000ae4b000 Exception <a 'java/lang/ClassNotFoundException': org/jetbrains/plugins/gradle/model/ExternalProjectBeanInfo> (0x00000000f4298520) thrown at [C:\re\workspace\8-2-build-windows-amd64-cygwin\jdk8u144\9417\hotspot\src\share\vm\classfile\systemDictionary.cpp, 
Event: 15.514 Thread 0x000000000ae4b000 Exception <a 'java/lang/ClassNotFoundException': org/jetbrains/plugins/gradle/model/ExternalProjectCustomizer> (0x00000000f42a54e0) thrown at [C:\re\workspace\8-2-build-windows-amd64-cygwin\jdk8u144\9417\hotspot\src\share\vm\classfile\systemDictionary.cpp
Event: 15.515 Thread 0x000000000ae4b000 Exception <a 'java/lang/ClassNotFoundException': org/jetbrains/plugins/gradle/model/ExternalProjectPreviewBeanInfo> (0x00000000f42deb20) thrown at [C:\re\workspace\8-2-build-windows-amd64-cygwin\jdk8u144\9417\hotspot\src\share\vm\classfile\systemDictionar
Event: 15.515 Thread 0x000000000ae4b000 Exception <a 'java/lang/ClassNotFoundException': org/jetbrains/plugins/gradle/model/ExternalProjectPreviewCustomizer> (0x00000000f42ec9d0) thrown at [C:\re\workspace\8-2-build-windows-amd64-cygwin\jdk8u144\9417\hotspot\src\share\vm\classfile\systemDiction

Events (10 events):
Event: 15.574 loading class org/gradle/api/tasks/diagnostics/internal/dependencies/AsciiDependencyReportRenderer
Event: 15.574 loading class org/gradle/api/tasks/diagnostics/internal/dependencies/AsciiDependencyReportRenderer done
Event: 15.574 loading class org/gradle/api/tasks/diagnostics/internal/graph/nodes/RenderableDependency
Event: 15.574 loading class org/gradle/api/tasks/diagnostics/internal/graph/nodes/RenderableDependency done
Event: 15.575 loading class org/gradle/api/tasks/diagnostics/internal/graph/NodeRenderer
Event: 15.575 loading class org/gradle/api/tasks/diagnostics/internal/graph/NodeRenderer done
Event: 15.575 loading class org/gradle/api/tasks/diagnostics/BuildEnvironmentReportTask$1
Event: 15.575 loading class org/gradle/api/tasks/diagnostics/BuildEnvironmentReportTask$1 done
Event: 15.576 loading class org/gradle/language/base/plugins/LifecycleBasePlugin$1$1
Event: 15.576 loading class org/gradle/language/base/plugins/LifecycleBasePlugin$1$1 done


Dynamic libraries:
0x000000013fd50000 - 0x000000013fd87000 	C:\Program Files\Java\jdk1.8.0_144\bin\java.exe
0x0000000077280000 - 0x000000007741f000 	C:\Windows\SYSTEM32\ntdll.dll
0x0000000077160000 - 0x000000007727f000 	C:\Windows\system32\kernel32.dll
0x000007fefd1b0000 - 0x000007fefd21a000 	C:\Windows\system32\KERNELBASE.dll
0x000007feff1c0000 - 0x000007feff29b000 	C:\Windows\system32\ADVAPI32.dll
0x000007fefd310000 - 0x000007fefd3af000 	C:\Windows\system32\msvcrt.dll
0x000007fefd7b0000 - 0x000007fefd7cf000 	C:\Windows\SYSTEM32\sechost.dll
0x000007fefd520000 - 0x000007fefd64d000 	C:\Windows\system32\RPCRT4.dll
0x0000000077060000 - 0x000000007715a000 	C:\Windows\system32\USER32.dll
0x000007fefe1e0000 - 0x000007fefe247000 	C:\Windows\system32\GDI32.dll
0x000007fefdd80000 - 0x000007fefdd8e000 	C:\Windows\system32\LPK.dll
0x000007fefdc90000 - 0x000007fefdd5b000 	C:\Windows\system32\USP10.dll
0x000007fefae80000 - 0x000007fefb074000 	C:\Windows\WinSxS\amd64_microsoft.windows.common-controls_6595b64144ccf1df_6.0.7601.18837_none_fa3b1e3d17594757\COMCTL32.dll
0x000007fefe160000 - 0x000007fefe1d1000 	C:\Windows\system32\SHLWAPI.dll
0x000007fefd780000 - 0x000007fefd7ae000 	C:\Windows\system32\IMM32.DLL
0x000007fefd3b0000 - 0x000007fefd4b9000 	C:\Windows\system32\MSCTF.dll
0x000007fefcde0000 - 0x000007fefce11000 	C:\Windows\system32\nvinitx.dll
0x000000000f000000 - 0x000000000f006000 	C:\Program Files\NVIDIA Corporation\CoProcManager\detoured.dll
0x000007feec980000 - 0x000007feec9b2000 	C:\Program Files\NVIDIA Corporation\CoProcManager\nvd3d9wrapx.dll
0x000007fefefe0000 - 0x000007feff1b7000 	C:\Windows\system32\SETUPAPI.dll
0x000007fefd220000 - 0x000007fefd256000 	C:\Windows\system32\CFGMGR32.dll
0x000007fefd6a0000 - 0x000007fefd77a000 	C:\Windows\system32\OLEAUT32.dll
0x000007fefda90000 - 0x000007fefdc8d000 	C:\Windows\system32\ole32.dll
0x000007fefd2f0000 - 0x000007fefd30a000 	C:\Windows\system32\DEVOBJ.dll
0x000007feec950000 - 0x000007feec972000 	C:\Program Files\NVIDIA Corporation\CoProcManager\nvdxgiwrapx.dll
0x0000000078c30000 - 0x0000000078d02000 	C:\Program Files\Java\jdk1.8.0_144\jre\bin\msvcr100.dll
0x0000000070090000 - 0x000000007092d000 	C:\Program Files\Java\jdk1.8.0_144\jre\bin\server\jvm.dll
0x000007fefa110000 - 0x000007fefa119000 	C:\Windows\system32\WSOCK32.dll
0x000007fefd650000 - 0x000007fefd69d000 	C:\Windows\system32\WS2_32.dll
0x000007fefd9e0000 - 0x000007fefd9e8000 	C:\Windows\system32\NSI.dll
0x000007fefbd20000 - 0x000007fefbd5b000 	C:\Windows\system32\WINMM.dll
0x000007fefbc20000 - 0x000007fefbc2c000 	C:\Windows\system32\VERSION.dll
0x0000000077430000 - 0x0000000077437000 	C:\Windows\system32\PSAPI.DLL
0x0000000000440000 - 0x000000000044f000 	C:\Program Files\Java\jdk1.8.0_144\jre\bin\verify.dll
0x000000006d690000 - 0x000000006d6b9000 	C:\Program Files\Java\jdk1.8.0_144\jre\bin\java.dll
0x0000000070b70000 - 0x0000000070b86000 	C:\Program Files\Java\jdk1.8.0_144\jre\bin\zip.dll
0x000007fefe250000 - 0x000007fefefdb000 	C:\Windows\system32\SHELL32.dll
0x000007fefcf60000 - 0x000007fefcf6f000 	C:\Windows\system32\profapi.dll
0x000000006f730000 - 0x000000006f74a000 	C:\Program Files\Java\jdk1.8.0_144\jre\bin\net.dll
0x000007fefc630000 - 0x000007fefc685000 	C:\Windows\system32\mswsock.dll
0x000007fefc620000 - 0x000007fefc627000 	C:\Windows\System32\wship6.dll
0x0000000002090000 - 0x00000000020a1000 	C:\Program Files\Java\jdk1.8.0_144\jre\bin\nio.dll
0x000007fef6c10000 - 0x000007fef6c2e000 	D:\Users\GouadaDopavogui\.gradle\native\23\windows-amd64\native-platform.dll
0x000007fefc930000 - 0x000007fefc948000 	C:\Windows\system32\CRYPTSP.dll
0x000007fefc420000 - 0x000007fefc467000 	C:\Windows\system32\rsaenh.dll
0x000007fefd010000 - 0x000007fefd02e000 	C:\Windows\system32\USERENV.dll
0x000007fefcdb0000 - 0x000007fefcdbf000 	C:\Windows\system32\CRYPTBASE.dll
0x000007fefc090000 - 0x000007fefc0b7000 	C:\Windows\system32\IPHLPAPI.DLL
0x000007fefc080000 - 0x000007fefc08b000 	C:\Windows\system32\WINNSI.DLL
0x000007fef8b70000 - 0x000007fef8b81000 	C:\Windows\system32\dhcpcsvc6.DLL
0x000007fef8b50000 - 0x000007fef8b68000 	C:\Windows\system32\dhcpcsvc.DLL
0x0000000000020000 - 0x000000000002d000 	C:\Program Files\Java\jdk1.8.0_144\jre\bin\management.dll
0x000007fefcd50000 - 0x000007fefcda7000 	C:\Windows\system32\apphelp.dll
0x000007fef9b80000 - 0x000007fef9ca5000 	C:\Windows\system32\dbghelp.dll

VM Arguments:
jvm_args: -XX:MaxPermSize=256m -XX:+HeapDumpOnOutOfMemoryError -Xmx1024m -Dfile.encoding=windows-1252 -Duser.country=DE -Duser.language=de -Duser.variant 
java_command: org.gradle.launcher.daemon.bootstrap.GradleDaemon 3.3
java_class_path (initial): D:\Users\GouadaDopavogui\.gradle\wrapper\dists\gradle-3.3-all\55gk2rcmfc6p2dg9u9ohc3hw9\gradle-3.3\lib\gradle-launcher-3.3.jar
Launcher Type: SUN_STANDARD

Environment Variables:
JAVA_HOME=D:\SDE\SDC\SDE - Android 7\binary\com.sun.java.jdk7.win32.x86_64_1.7.0.u51
PATH=C:\ProgramData\Oracle\Java\javapath;C:\Windows\system32;C:\Windows;C:\Windows\System32\Wbem;C:\Windows\System32\WindowsPowerShell\v1.0\;C:\Program Files (x86)\Microsoft Application Virtualization Client;C:\Program Files (x86)\IBM\Lotus\Notes\;C:\Program Files\Lenovo\Fingerprint Manager Pro\;C:\Program Files\TortoiseSVN\bin;D:\SDE\SDC\LunaRiM\binary\org.apache.maven.3.0.4.win_3.0.4\bin;D:\NonBKU\IEDriver\IEDriverServer.exe;D:\NonBKU\FFDriver\wires-0.6.2-win.exe;D:\jmeter;C:\Program Files (x86)\Kaspersky Lab\Kaspersky Endpoint Security 10 for Windows SP1\;C:\Program Files\Git\cmd\;C:\Program Files\TortoiseGit\bin;C:\Program Files\Git\bin;C:\Program Files\CenterTools\DriveLock\;C:\Python27;C:\Windows\System32\WindowsPowerShell\v1.0\;C:\Program Files (x86)\Sennheiser\SoftphoneSDK\;C:\Program Files (x86)\Plantronics\Spokes3G\;D:\VuGen\strawberry-perl\perl\bin;D:\NonBKU\PuTTY\;D:\NonBKU\nodejs\;D:\NonBKU\Android-sdk-windows\platform-tools;D:\NonBKU\Android-sdk-windows\tools;D:\NonBKU\Android-sdk-windows\tools\bin;D:\Users\GouadaDopavogui\AppData\Roaming\npm;D:\NonBKU\Fiddler
USERNAME=gouadadopavogui
OS=Windows_NT
PROCESSOR_IDENTIFIER=Intel64 Family 6 Model 60 Stepping 3, GenuineIntel



---------------  S Y S T E M  ---------------

OS: Windows 7 , 64 bit Build 7601 (6.1.7601.24000)

CPU:total 8 (initial active 8) (4 cores per cpu, 2 threads per core) family 6 model 60 stepping 3, cmov, cx8, fxsr, mmx, sse, sse2, sse3, ssse3, sse4.1, sse4.2, popcnt, avx, avx2, aes, clmul, erms, lzcnt, ht, tsc, tscinvbit, bmi1, bmi2

Memory: 4k page, physical 16454280k(9171240k free), swap 32906684k(24816736k free)

vm_info: Java HotSpot(TM) 64-Bit Server VM (25.144-b01) for windows-amd64 JRE (1.8.0_144-b01), built on Jul 21 2017 21:57:33 by "java_re" with MS VC++ 10.0 (VS2010)

time: Thu Jan 25 16:10:32 2018
elapsed time: 15 seconds (0d 0h 0m 15s)

